Performing C SOURCE FILE Test CMAKE_HAVE_LIBC_PTHREAD failed with the following output:
Change Dir: /opt/workspace/build/CMakeFiles/CMakeTmp

Run Build Command(s):/usr/bin/gmake -f Makefile cmTC_fbd69/fast && /usr/bin/gmake  -f CMakeFiles/cmTC_fbd69.dir/build.make CMakeFiles/cmTC_fbd69.dir/build
gmake[1]: Entering directory '/opt/workspace/build/CMakeFiles/CMakeTmp'
Building C object CMakeFiles/cmTC_fbd69.dir/src.c.o
/usr/bin/cc -DCMAKE_HAVE_LIBC_PTHREAD  -fPIE -o CMakeFiles/cmTC_fbd69.dir/src.c.o -c /opt/workspace/build/CMakeFiles/CMakeTmp/src.c
Linking C executable cmTC_fbd69
/usr/bin/cmake -E cmake_link_script CMakeFiles/cmTC_fbd69.dir/link.txt --verbose=1
/usr/bin/cc CMakeFiles/cmTC_fbd69.dir/src.c.o -o cmTC_fbd69 
CMakeFiles/cmTC_fbd69.dir/src.c.o: In function `main':
src.c:(.text+0x2f): undefined reference to `pthread_create'
src.c:(.text+0x3b): undefined reference to `pthread_detach'
src.c:(.text+0x47): undefined reference to `pthread_cancel'
src.c:(.text+0x58): undefined reference to `pthread_join'
collect2: error: ld returned 1 exit status
gmake[1]: *** [CMakeFiles/cmTC_fbd69.dir/build.make:99: cmTC_fbd69] Error 1
gmake[1]: Leaving directory '/opt/workspace/build/CMakeFiles/CMakeTmp'
gmake: *** [Makefile:127: cmTC_fbd69/fast] Error 2


Source file was:
#include <pthread.h>

static void* test_func(void* data)
{
  return data;
}

int main(void)
{
  pthread_t thread;
  pthread_create(&thread, NULL, test_func, NULL);
  pthread_detach(thread);
  pthread_cancel(thread);
  pthread_join(thread, NULL);
  pthread_atfork(NULL, NULL, NULL);
  pthread_exit(NULL);

  return 0;
}

